2025-10-27 22:04:23,108 INFO o.a.j.u.JMeterUtils: Setting Locale to en_EN
2025-10-27 22:04:23,140 INFO o.a.j.JMeter: Loading user properties from: C:\Users\iyanf\Downloads\apache-jmeter-5.6.3\apache-jmeter-5.6.3\bin\user.properties
2025-10-27 22:04:23,140 INFO o.a.j.JMeter: Loading system properties from: C:\Users\iyanf\Downloads\apache-jmeter-5.6.3\apache-jmeter-5.6.3\bin\system.properties
2025-10-27 22:04:23,151 INFO o.a.j.JMeter: Copyright (c) 1998-2024 The Apache Software Foundation
2025-10-27 22:04:23,151 INFO o.a.j.JMeter: Version 5.6.3
2025-10-27 22:04:23,151 INFO o.a.j.JMeter: java.version=21.0.5
2025-10-27 22:04:23,151 INFO o.a.j.JMeter: java.vm.name=OpenJDK 64-Bit Server VM
2025-10-27 22:04:23,151 INFO o.a.j.JMeter: os.name=Windows 11
2025-10-27 22:04:23,151 INFO o.a.j.JMeter: os.arch=amd64
2025-10-27 22:04:23,151 INFO o.a.j.JMeter: os.version=10.0
2025-10-27 22:04:23,151 INFO o.a.j.JMeter: file.encoding=UTF-8
2025-10-27 22:04:23,151 INFO o.a.j.JMeter: java.awt.headless=null
2025-10-27 22:04:23,151 INFO o.a.j.JMeter: Max memory     =1073741824
2025-10-27 22:04:23,151 INFO o.a.j.JMeter: Available Processors =12
2025-10-27 22:04:23,166 INFO o.a.j.JMeter: Default Locale=English (EN)
2025-10-27 22:04:23,166 INFO o.a.j.JMeter: JMeter  Locale=English (EN)
2025-10-27 22:04:23,166 INFO o.a.j.JMeter: JMeterHome=C:\Users\iyanf\Downloads\apache-jmeter-5.6.3\apache-jmeter-5.6.3
2025-10-27 22:04:23,166 INFO o.a.j.JMeter: user.dir  =C:\Users\iyanf\OneDrive\Escritorio\ticketapp
2025-10-27 22:04:23,166 INFO o.a.j.JMeter: PWD       =C:\Users\iyanf\OneDrive\Escritorio\ticketapp
2025-10-27 22:04:23,166 INFO o.a.j.JMeter: IP: 192.168.0.8 Name: Port치til-Iy치n FullName: Port치til-Iy치n
